[]
[]
[]
[]
[]
[]
[]
[]
[]
[]
[]
[]
[]
[]
[]
[]
[]
[]
[]
[]
[]
[]
[]
[]
[]
[]
[]
[]
[]
[]
[]
[]
1st cart [{'product_id': 17, 'verient_id': None}]
<QuerySet []>
2nd cart [{'product_id': 17, 'verient_id': None}]
[<Products: Indian Block Printed Reversible Razai Cotton>]
[]
[]
[]
[]
[]
[]
[]
yeah there
viewd
0
Signal triggered. Session cart: [{'product_id': 17, 'verient_id': None}]
Session cart transferred to user cart.
99 <class 'int'> 2500 <class 'int'> 1000.00 <class 'str'>
Order Price: 1000.0
Charges: 99.0
[<Products: Indian Block Printed Reversible Razai Cotton>]
Signal triggered. Session cart: []
No items in session cart.
[]
[]
[]
[]
[]
[]
[]
[]
[]
[]
1st cart []
2nd cart []
[]
[]
[]
[]
Signal triggered. Session cart: []
No items in session cart.
[]
99 <class 'int'> 2500 <class 'int'> 5998.00 <class 'str'>
Order Price: 5998.0
Charges: 297.0
[]
[]
[]
[]
yeah there
viewd
0
[]
[]
[]
[]
[]
[]
[]
[]
[]
[]
[]
[]
[]
[]
[]
[]
[]
[]
[<Products: white Pink Floral>]
yeah there
viewd
0
[]
[]
[]
[]
[]
[]
[]
[]
[]
[]
[]
[]
[]
[]
[]
[]
[]
[]
[]
[]
[]
[]
[]
[]
[]
[]
[]
[]
[]
[]
[]
[]
[]
[]
[]
[]
[]
[]
[]
[]
[]
[]
[]
[]
[]
[]
[]
[]
[]
[]
[]
yeah there
viewd
0
[<Products: Best Sellers - Curtains>, <Products: Indian Block Printed Reversible Razai Cotton>]
[]
[]
[]
[]
[]
[]
[]
[]
[]
[]
[]
[]
[]
[]
[]
[]
[]
[]
[]
[]
[]
[]
[]
[]
yeah there
viewd
4
yeah there
viewd
0
yeah there
viewd
0
[]
[]
[]
[]
[]
[]
[]
[]
[]
[]
[]
[]
yeah there
viewd
0
[<Products: Indian Block Printed Reversible Razai Cotton>]
yeah there
viewd
0
[]
[]
[]
[]
[]
[]
[]
[]
[]
[]
[]
[]
[]
[]
[]
[]
[]
[]
[]
[]
[]
[]
[]
[]
[]
[]
[]
[]
[<Products: Best Sellers - Curtains>, <Products: Indian Block Printed Reversible Razai Cotton>]
[<Products: Best Sellers - Curtains>, <Products: Indian Block Printed Reversible Razai Cotton>]
[]
0
yeah there
0
[<Products: Best Sellers - Curtains>]
[]
[]
[]
[]
yeah there
viewd
4
[]
[]
[]
[]
[]
[]
[]
[]
[]
[]
[]
[]
[]
[]
[]
[]
[]
[]
[]
[]
[]
[]
yeah there
viewd
0
yeah there
viewd
0
yeah there
viewd
0
[<Products: 4 Complete Set of Table Linen - 6 Seater>, <Products: Mustard Floral>, <Products: Best Sellers - Curtains>]
yeah there
viewd
0
yeah there
viewd
0
yeah there
viewd
0
[]
[]
[]
[]
[]
[]
[]
[]
[]
yeah there
0
[]
[]
[]
[]
[]
[]
[]
[]
[]
[]
[]
[]
[]
[]
[]
[]
[]
[]
[]
[]
[]
[]
[]
[]
[]
[]
[]
[]
[]
[]
yeah there
viewd
0
[]
yeah there
viewd
0
[<Products: Best Sellers - Curtains>]
[]
[]
[]
[]
[]
[]
[]
[]
[<Products: Best Sellers - Curtains>, <Products: Indian Block Printed Reversible Razai Cotton>]
[]
[]
[]
[]
[]
[]
[]
[]
[]
[]
[]
[]
[]
[]
[]
[]
[]
[]
[]
yeah there
viewd
0
yeah there
viewd
0
yeah there
viewd
0
[]
[]
[]
[]
[]
[]
[]
[]
[]
[]
[]
[]
[]
[]
[]
[]
[]
[]
[]
[]
[]
[]
[]
[]
[]
[]
[]
[]
[]
[]
[]
[]
[]
[]
[]
[]
[]
[]
[]
[]
[]
[]
[]
[]
[<Products: Best Sellers - Curtains>, <Products: Indian Block Printed Reversible Razai Cotton>]
[]
[]
[<Products: Best Sellers - Curtains>]
[]
[]
[]
[]
[]
yeah there
0
yeah there
4
[]
[]
[]
yeah there
4
yeah there
viewd
0
[]
[<Products: Brass Spice Box>]
[]
yeah there
viewd
0
yeah there
viewd
4
yeah there
0
[<Products: Brass Spice Box>]
yeah there
viewd
0
[]
yeah there
viewd
4
yeah there
0
[]
[]
yeah there
viewd
0
yeah there
0
[]
[]
[]
[]
[]
[]
[]
[]
[]
[]
[]
[]
[]
[]
[]
[]
[]
[]
[]
[]
Signal triggered. Session cart: []
No items in session cart.
yeah there
0
yeah there
viewd
0
[]
[]
[<Products: Navy blue - orange Floral>, <Products: Quilts>, <Products: Indian Block Printed Reversible Razai Cotton>, <Products: Indian Block Printed Reversible Razai Cotton>, <Products: White Blue Flora>]
[<Products: Navy blue - orange Floral>, <Products: Quilts>, <Products: Indian Block Printed Reversible Razai Cotton>, <Products: Indian Block Printed Reversible Razai Cotton>, <Products: White Blue Flora>]
yeah there
viewd
0
yeah there
0
[]
[]
[]
[]
[]
yeah there
0
[]
[]
[]
[]
[]
[]
[]
[]
[]
yeah there
viewd
0
0
yeah there
viewd
0
[<Products: Indian Block Printed Reversible Razai Cotton>, <Products: Quilts>, <Products: White Blue Flora>]
yeah there
viewd
0
[]
[]
[<Products: Navy blue - orange Floral>, <Products: Quilts>, <Products: Indian Block Printed Reversible Razai Cotton>, <Products: Indian Block Printed Reversible Razai Cotton>, <Products: White Blue Flora>]
[]
[]
[]
[]
[]
[]
[]
[]
[]
[]
[]
[]
[]
[]
[]
[]
[]
[]
[]
[]
[]
Signal triggered. Session cart: []
No items in session cart.
[]
[]
[]
[]
[]
[]
[]
[]
[]
[]
[]
yeah there
viewd
4
[]
[]
[]
[]
[]
[]
[]
[]
[]
[]
yeah there
viewd
0
1st cart [{'product_id': 17, 'verient_id': None}, {'product_id': 18, 'verient_id': None}]
<QuerySet []>
<QuerySet []>
2nd cart [{'product_id': 17, 'verient_id': None}, {'product_id': 18, 'verient_id': None}]
[]
[]
[]
[]
[]
[]
[]
[]
[]
[]
[]
[]
[]
[]
[]
[]
[]
[]
[<Products: Indian Block Printed Reversible Razai Cotton>, <Products: Indian Block Printed Reversible Razai Cotton>]
Signal triggered. Session cart: []
No items in session cart.
[]
[]
[]
[]
[]
[]
[]
[]
[]
[]
[]
[]
[]
[]
[]
[]
[]
[]
[]
[]
[]
[]
[]
[]
[]
[]
[]
[]
yeah there
viewd
0
Signal triggered. Session cart: []
No items in session cart.
[]
[]
[]
[]
yeah there
viewd
0
[]
[]
[]
Signal triggered. Session cart: []
No items in session cart.
[]
[]
[]
[]
Signal triggered. Session cart: []
No items in session cart.
[]
[]
yeah there
viewd
0
[]
[]
Signal triggered. Session cart: []
No items in session cart.
[]
[]
[]
[]
[]
[]
[]
[]
[]
[]
[]
[]
[]
[]
yeah there
viewd
0
yeah there
0
yeah there
0
yeah there
0
yeah there
0
yeah there
0
[]
[]
[]
[]
[]
[]
yeah there
viewd
0
[]
[]
[]
[]
[]
[]
[]
[]
yeah there
0
Signal triggered. Session cart: []
No items in session cart.
[]
[]
[]
[]
[]
[]
[]
Signal triggered. Session cart: []
No items in session cart.
[]
[]
[]
[]
[]
[]
[]
[]
[]
yeah there
0
yeah there
0
yeah there
0
[]
[]
[]
[]
[]
[<Products: Indian Block Printed Reversible Razai Cotton>]
[]
[]
[]
[]
[]
[]
[]
yeah there
viewd
[]
[]
[]
[]
[]
[]
yeah there
yeah there
yeah there
[]
yeah there
yeah there
viewd
[]
[]
[]
[]
Signal triggered. Session cart: []
No items in session cart.
[]
[]
[]
[]
[]
[]
[]
[]
[]
[]
[]
[]
[]
[]
[]
[]
[]
[]
[]
[]
[]
[]
[]
[]
[]
[]
[]
[]
[]
[]
[]
Signal triggered. Session cart: []
No items in session cart.
[]
[]
[]
[]
[]
[]
[]
[]
yeah there
viewd
yeah there
viewd
yeah there
viewd
[]
[]
[]
[]
[]
[]
[]
[]
[]
[]
[]
[]
[]
Signal triggered. Session cart: []
No items in session cart.
[]
[]
Signal triggered. Session cart: []
No items in session cart.
[]
[]
Signal triggered. Session cart: []
No items in session cart.
Signal triggered. Session cart: []
No items in session cart.
[]
[]
[]
[]
[]
[]
[]
[]
[]
[]
[]
[]
[]
[]
[]
[]
[]
[]
[]
[]
[]
[]
[]
[]
[]
[]
[]
[]
[]
[]
[<Products: Spade Tree Handblock Printed Dohar>]
[]
[]
yeah there
viewd
yeah there
viewd
yeah there
viewd
yeah there
viewd
yeah there
viewd
yeah there
viewd
yeah there
viewd
yeah there
yeah there
yeah there
yeah there
yeah there
viewd
yeah there
viewd
yeah there
viewd
yeah there
viewd
yeah there
viewd
yeah there
viewd
yeah there
viewd
yeah there
viewd
yeah there
viewd
yeah there
viewd
yeah there
viewd
yeah there
viewd
yeah there
yeah there
yeah there
yeah there
viewd
yeah there
viewd
yeah there
yeah there
yeah there
viewd
yeah there
[]
[]
[]
[]
[]
Signal triggered. Session cart: []
No items in session cart.
[]
[]
[]
[]
[]
[]
[]
[<Products: Indian Block Printed Reversible Razai Cotton>]
yeah there
viewd
yeah there
viewd
[]
[]
[]
[]
[]
[]
[]
[]
[]
yeah there
viewd
[]
[]
[]
[]
[]
[]
[]
[]
[]
[]
[]
[]
[]
[]
[]
[]
[]
[]
[]
[]
[]
[]
[]
[]
[]
[]
[]
1st cart []
2nd cart []
[]
[]
[]
[]
[]
[]
[]
[]
[]
[]
[]
[]
[]
[]
[]
[]
[]
[]
[]
[]
[]
[]
[]
[]
[]
[]
[]
[]
[]
[]
[]
[]
[]
[]
[]
[]
[]
[]
yeah there
viewd
[]
[]
[]
[]
[]
[]
[]
[]
[]
[]
[]
[]
[]
[]
[]
Signal triggered. Session cart: []
No items in session cart.
[]
[]
[]
[]
[]
[]
[]
[]
[]
[]
[]
[]
[]
[]
[]
[]
[]
[]
[]
1st cart [{'product_id': 23, 'verient_id': None}]
<QuerySet []>
2nd cart [{'product_id': 23, 'verient_id': None}]
[<Products: Mustard Floral>, <Products: Spade Tree Handblock Printed Dohar>]
[]
Signal triggered. Session cart: []
No items in session cart.
[]
[]
yeah there
viewd
yeah there
viewd
yeah there
viewd
yeah there
viewd
yeah there
viewd
yeah there
viewd
yeah there
viewd
yeah there
yeah there
yeah there
yeah there
yeah there
yeah there
yeah there
viewd
yeah there
viewd
yeah there
viewd
yeah there
viewd
yeah there
viewd
yeah there
viewd
yeah there
viewd
yeah there
viewd
yeah there
viewd
yeah there
viewd
yeah there
viewd
yeah there
viewd
yeah there
viewd
yeah there
viewd
yeah there
yeah there
viewd
yeah there
yeah there
viewd
yeah there
[]
[]
[]
[]
[]
[]
[]
[]
[]
[]
[]
[]
[]
[]
yeah there
viewd
[]
[]
[]
Signal triggered. Session cart: []
No items in session cart.
[]
[]
[]
[]
yeah there
viewd
yeah there
yeah there
Signal triggered. Session cart: []
No items in session cart.
yeah there
[]
[]
[]
[]
[]
[]
[]
[]
[]
[]
[]
[]
[]
Signal triggered. Session cart: []
No items in session cart.
[]
[]
yeah there
viewd
yeah there
viewd
[]
[]
[]
[]
[]
Signal triggered. Session cart: []
No items in session cart.
[]
[]
[]
[]
[]
[]
[]
[]
[]
yeah there
viewd
[]
[]
[]
[]
[]
[]
[<Products: Spade Tree Handblock Printed Dohar>]
[]
[]
[]
[]
[]
[]
[]
[]
[]
[]
[]
[]
[]
[]
[]
[]
[]
yeah there
viewd
yeah there
viewd
[]
[]
[]
[]
[]
[]
[]
[]
[]
[]
[]
[]
[]
Signal triggered. Session cart: []
No items in session cart.
[]
[]
[]
[]
[]
[]
[]
[]
[]
[]
[]
[]
[]
[]
[]
[]
[]
[]
[]
[]
[]
yeah there
viewd
[]
[]
yeah there
viewd
yeah there
viewd
yeah there
viewd
yeah there
viewd
yeah there
viewd
yeah there
viewd
yeah there
viewd
yeah there
viewd
yeah there
yeah there
yeah there
viewd
yeah there
yeah there
yeah there
yeah there
yeah there
yeah there
viewd
yeah there
viewd
yeah there
viewd
yeah there
viewd
yeah there
viewd
yeah there
viewd
yeah there
viewd
yeah there
viewd
yeah there
viewd
yeah there
viewd
yeah there
viewd
yeah there
viewd
yeah there
viewd
yeah there
yeah there
yeah there
viewd
yeah there
yeah there
yeah there
yeah there
[]
[]
[]
[]
[]
[]
[]
[]
[]
[]
[]
Signal triggered. Session cart: []
No items in session cart.
[]
[]
[]
yeah there
viewd
yeah there
viewd
[]
[]
[]
[]
[]
Signal triggered. Session cart: []
No items in session cart.
[]
yeah there
viewd
[]
[<Products: Baby Quilt 1>, <Products: Wild Rose Handblock Printed Bedsheet>, <Products: Dohar 10>, <Products: white Pink Floral>, <Products: Best Sellers - Curtains>]
[]
[]
[]
Signal triggered. Session cart: []
No items in session cart.
[]
Signal triggered. Session cart: []
No items in session cart.
[]
[]
[<Products: Best Sellers - Curtains>, <Products: Best Sellers - Curtains>, <Products: Best Sellers - Curtains>, <Products: 4 Complete Set of Table Linen - 6 Seater>]
yeah there
viewd
[]
Signal triggered. Session cart: []
No items in session cart.
[]
[]
[]
[]
yeah there
viewd
[]
[]
[]
[]
[]
[]
[]
[]
yeah there
viewd
yeah there
viewd
[]
[]
[]
[]
[]
[]
[]
[]
[]
yeah there
viewd
yeah there
viewd
[<Products: Baby Quilt 5>, <Products: Best Sellers - Curtains>, <Products: Best Sellers - Curtains>, <Products: Best Sellers - Curtains>, <Products: 4 Complete Set of Table Linen - 6 Seater>]
[]
[<Products: Jungle Green>]
[]
[]
yeah there
viewd
[<Products: Best Sellers - Curtains>]
yeah there
viewd
Signal triggered. Session cart: []
No items in session cart.
[]
[]
[<Products: Best Sellers - Curtains>]
yeah there
viewd
yeah there
viewd
[]
[]
yeah there
viewd
[]
[]
[]
[]
[]
[]
[]
yeah there
viewd
[]
yeah there
viewd
Signal triggered. Session cart: [{'product_id': 67, 'verient_id': None}]
Session cart transferred to user cart.
99 <class 'int'> 2500 <class 'int'> 3700.00 <class 'str'>
Order Price: 3700.0
Charges: 198.0
[<Products: White Blue Flora>, <Products: Jungle Green>, <Products: Indigo - white floral>, <Products: Indian Block Printed Reversible Razai Cotton>, <Products: Baby Quilt 1>, <Products: Brass Spice Box>, <Products: Dohar 10>, <Products: Quilted Bedcover 8>, <Products: Quilted Bedcover 7>, <Products: Quilted Bedcover 4>, <Products: Quilted Bedcover 5>, <Products: Quilted Bedcover 2>, <Products: Best Sellers - Curtains>, <Products: Best Sellers - Curtains>, <Products: Wild Rose Handblock Printed Bedsheet>, <Products: Dohar 17>, <Products: Baby Quilt 3>, <Products: white Pink Floral>, <Products: Dohar 2>, <Products: Dohar 14>, <Products: Mustard Floral>]
yeah there
yeah there
yeah there
viewd
yeah there
yeah there
yeah there
viewd
yeah there
viewd
yeah there
viewd
[<Products: Bedsheet>, <Products: Dohar 1>, <Products: Wild Rose Handblock Printed Bedsheet>, <Products: Brass Spice Box>, <Products: Indian Block Printed Reversible Razai Cotton>, <Products: Quilts>, <Products: Dohar 5>, <Products: Quilted Bedcover 3>, <Products: Quilted Bedcover 4>, <Products: Quilted Bedcover 1>, <Products: Best Sellers - Curtains>, <Products: white Pink Floral>, <Products: Best Sellers - Curtains>, <Products: Quilted Bedcover 9>, <Products: Best Sellers - Curtains>, <Products: Baby Quilt 3>]
yeah there
137
138
[]
[<Products: White Blue Flora>, <Products: Jungle Green>, <Products: Indigo - white floral>, <Products: Indian Block Printed Reversible Razai Cotton>, <Products: Baby Quilt 1>, <Products: Brass Spice Box>, <Products: Dohar 10>, <Products: Quilted Bedcover 8>, <Products: Quilted Bedcover 7>, <Products: Quilted Bedcover 4>, <Products: Quilted Bedcover 5>, <Products: Quilted Bedcover 2>, <Products: Best Sellers - Curtains>, <Products: Best Sellers - Curtains>, <Products: Wild Rose Handblock Printed Bedsheet>, <Products: Dohar 17>, <Products: Baby Quilt 3>, <Products: white Pink Floral>, <Products: Dohar 2>, <Products: Dohar 14>, <Products: Mustard Floral>]
yeah there
yeah there
yeah there
yeah there
yeah there
yeah there
yeah there
yeah there
viewd
Signal triggered. Session cart: []
No items in session cart.
yeah there
yeah there
viewd
yeah there
viewd
yeah there
viewd
yeah there
viewd
[<Products: Bedsheet>, <Products: Dohar 1>, <Products: Wild Rose Handblock Printed Bedsheet>, <Products: Brass Spice Box>, <Products: Indian Block Printed Reversible Razai Cotton>, <Products: Quilts>, <Products: Dohar 5>, <Products: Quilted Bedcover 3>, <Products: Quilted Bedcover 4>, <Products: Quilted Bedcover 1>, <Products: Best Sellers - Curtains>, <Products: white Pink Floral>, <Products: Best Sellers - Curtains>, <Products: Quilted Bedcover 9>, <Products: Best Sellers - Curtains>, <Products: Baby Quilt 3>]
[<Products: Bedsheet>, <Products: Dohar 1>, <Products: Wild Rose Handblock Printed Bedsheet>, <Products: Brass Spice Box>, <Products: Indian Block Printed Reversible Razai Cotton>, <Products: Quilts>, <Products: Dohar 5>, <Products: Quilted Bedcover 3>, <Products: Quilted Bedcover 4>, <Products: Quilted Bedcover 1>, <Products: Best Sellers - Curtains>, <Products: white Pink Floral>, <Products: Best Sellers - Curtains>, <Products: Quilted Bedcover 9>, <Products: Best Sellers - Curtains>, <Products: Baby Quilt 3>]
[<Products: Bedsheet>, <Products: Dohar 1>, <Products: Wild Rose Handblock Printed Bedsheet>, <Products: Brass Spice Box>, <Products: Indian Block Printed Reversible Razai Cotton>, <Products: Quilts>, <Products: Dohar 5>, <Products: Quilted Bedcover 3>, <Products: Quilted Bedcover 4>, <Products: Quilted Bedcover 1>, <Products: Best Sellers - Curtains>, <Products: white Pink Floral>, <Products: Best Sellers - Curtains>, <Products: Quilted Bedcover 9>, <Products: Best Sellers - Curtains>, <Products: Baby Quilt 3>]
[<Products: Bedsheet>, <Products: Dohar 1>, <Products: Wild Rose Handblock Printed Bedsheet>, <Products: Brass Spice Box>, <Products: Indian Block Printed Reversible Razai Cotton>, <Products: Quilts>, <Products: Dohar 5>, <Products: Quilted Bedcover 3>, <Products: Quilted Bedcover 4>, <Products: Quilted Bedcover 1>, <Products: Best Sellers - Curtains>, <Products: white Pink Floral>, <Products: Best Sellers - Curtains>, <Products: Quilted Bedcover 9>, <Products: Best Sellers - Curtains>, <Products: Baby Quilt 3>]
yeah there
viewd
yeah there
yeah there
yeah there
yeah there
[<Products: Best Sellers - Curtains>, <Products: Bedsheet>, <Products: Wild Rose Handblock Printed Bedsheet>, <Products: Mustard Floral>, <Products: White Blue Flora>, <Products: Indian Block Printed Reversible Razai Cotton>, <Products: Jungle Green>, <Products: Brass Spice Box>, <Products: Misty Blue Pine Quilted Bedcover>, <Products: Indigo - white floral>, <Products: Baby Quilt 1>, <Products: Dohar 10>, <Products: Quilted Bedcover 8>, <Products: Quilted Bedcover 7>, <Products: Quilted Bedcover 4>, <Products: Quilted Bedcover 5>, <Products: Quilted Bedcover 2>, <Products: Best Sellers - Curtains>, <Products: Dohar 17>, <Products: Baby Quilt 3>, <Products: white Pink Floral>, <Products: Dohar 2>, <Products: Dohar 14>]
yeah there
viewd
[<Products: Mustard Floral>, <Products: Wild Rose Handblock Printed Bedsheet>, <Products: Quilts>, <Products: Quilted Bedcover 1>, <Products: Bedsheet>, <Products: Dohar 1>, <Products: Brass Spice Box>, <Products: Indian Block Printed Reversible Razai Cotton>, <Products: Dohar 5>, <Products: Quilted Bedcover 3>, <Products: Quilted Bedcover 4>, <Products: Best Sellers - Curtains>, <Products: white Pink Floral>, <Products: Best Sellers - Curtains>, <Products: Quilted Bedcover 9>, <Products: Best Sellers - Curtains>, <Products: Baby Quilt 3>]
<QuerySet [<Rating: Rating object (1)>, <Rating: Rating object (2)>, <Rating: Rating object (4)>, <Rating: Rating object (5)>, <Rating: Rating object (6)>, <Rating: Rating object (7)>, <Rating: Rating object (8)>, <Rating: Rating object (9)>, <Rating: Rating object (10)>, <Rating: Rating object (11)>, <Rating: Rating object (12)>, <Rating: Rating object (13)>, <Rating: Rating object (14)>]>
[]
yeah there
[<Products: Best Sellers - Curtains>, <Products: Bedsheet>, <Products: Wild Rose Handblock Printed Bedsheet>, <Products: Mustard Floral>, <Products: White Blue Flora>, <Products: Indian Block Printed Reversible Razai Cotton>, <Products: Jungle Green>, <Products: Brass Spice Box>, <Products: Misty Blue Pine Quilted Bedcover>, <Products: Indigo - white floral>, <Products: Baby Quilt 1>, <Products: Dohar 10>, <Products: Quilted Bedcover 8>, <Products: Quilted Bedcover 7>, <Products: Quilted Bedcover 4>, <Products: Quilted Bedcover 5>, <Products: Quilted Bedcover 2>, <Products: Best Sellers - Curtains>, <Products: Dohar 17>, <Products: Baby Quilt 3>, <Products: white Pink Floral>, <Products: Dohar 2>, <Products: Dohar 14>]
